<?xml version="1.0" encoding="UTF-8"?>
<coverage generated="1475877887">
  <project timestamp="1475877887">
    <package name="Ecfectus\Dotable">
      <file name="/Users/leemason/ecfectus/dotable/src/Dotable.php">
        <class name="Dotable" namespace="Ecfectus\Dotable" fullPackage="Ecfectus" package="Ecfectus">
          <metrics complexity="0" methods="0" coveredmethods="0" conditionals="0" coveredconditionals="0" statements="0" coveredstatements="0" elements="0" coveredelements="0"/>
        </class>
        <metrics loc="16" ncloc="12" classes="1" methods="0" coveredmethods="0" conditionals="0" coveredconditionals="0" statements="0" coveredstatements="0" elements="0" coveredelements="0"/>
      </file>
      <file name="/Users/leemason/ecfectus/dotable/src/DotableTrait.php">
        <class name="DotableTrait" namespace="Ecfectus\Dotable">
          <metrics complexity="54" methods="20" coveredmethods="14" conditionals="0" coveredconditionals="0" statements="84" coveredstatements="74" elements="104" coveredelements="88"/>
        </class>
        <line num="31" type="method" name="__construct" visibility="public" complexity="1" crap="1" count="25"/>
        <line num="33" type="stmt" count="25"/>
        <line num="34" type="stmt" count="25"/>
        <line num="43" type="method" name="get" visibility="public" complexity="5" crap="5.03" count="11"/>
        <line num="45" type="stmt" count="11"/>
        <line num="46" type="stmt" count="0"/>
        <line num="49" type="stmt" count="11"/>
        <line num="50" type="stmt" count="11"/>
        <line num="51" type="stmt" count="7"/>
        <line num="52" type="stmt" count="7"/>
        <line num="53" type="stmt" count="7"/>
        <line num="54" type="stmt" count="7"/>
        <line num="56" type="stmt" count="7"/>
        <line num="60" type="stmt" count="11"/>
        <line num="70" type="method" name="set" visibility="public" complexity="11" crap="11.84" count="17"/>
        <line num="72" type="stmt" count="17"/>
        <line num="73" type="stmt" count="0"/>
        <line num="74" type="stmt" count="0"/>
        <line num="76" type="stmt" count="0"/>
        <line num="78" type="stmt" count="0"/>
        <line num="81" type="stmt" count="17"/>
        <line num="82" type="stmt" count="13"/>
        <line num="83" type="stmt" count="13"/>
        <line num="84" type="stmt" count="13"/>
        <line num="85" type="stmt" count="13"/>
        <line num="86" type="stmt" count="13"/>
        <line num="87" type="stmt" count="13"/>
        <line num="88" type="stmt" count="2"/>
        <line num="90" type="stmt" count="13"/>
        <line num="93" type="stmt" count="13"/>
        <line num="96" type="stmt" count="7"/>
        <line num="97" type="stmt" count="7"/>
        <line num="98" type="stmt" count="1"/>
        <line num="100" type="stmt" count="7"/>
        <line num="104" type="stmt" count="5"/>
        <line num="106" type="stmt" count="17"/>
        <line num="115" type="method" name="has" visibility="public" complexity="4" crap="4.02" count="2"/>
        <line num="117" type="stmt" count="2"/>
        <line num="118" type="stmt" count="0"/>
        <line num="120" type="stmt" count="2"/>
        <line num="121" type="stmt" count="2"/>
        <line num="122" type="stmt" count="2"/>
        <line num="123" type="stmt" count="2"/>
        <line num="124" type="stmt" count="2"/>
        <line num="126" type="stmt" count="2"/>
        <line num="129" type="stmt" count="2"/>
        <line num="138" type="method" name="forget" visibility="public" complexity="1" crap="1" count="2"/>
        <line num="140" type="stmt" count="2"/>
        <line num="150" type="method" name="prepend" visibility="public" complexity="1" crap="1" count="1"/>
        <line num="152" type="stmt" count="1"/>
        <line num="153" type="stmt" count="1"/>
        <line num="154" type="stmt" count="1"/>
        <line num="155" type="stmt" count="1"/>
        <line num="164" type="method" name="append" visibility="public" complexity="1" crap="1" count="1"/>
        <line num="166" type="stmt" count="1"/>
        <line num="167" type="stmt" count="1"/>
        <line num="168" type="stmt" count="1"/>
        <line num="169" type="stmt" count="1"/>
        <line num="180" type="method" name="merge" visibility="public" complexity="2" crap="2" count="4"/>
        <line num="182" type="stmt" count="4"/>
        <line num="183" type="stmt" count="4"/>
        <line num="184" type="stmt" count="4"/>
        <line num="192" type="method" name="toArray" visibility="public" complexity="3" crap="3" count="9"/>
        <line num="195" type="stmt" count="9"/>
        <line num="196" type="stmt" count="9"/>
        <line num="205" type="method" name="explode" visibility="protected" complexity="1" crap="1" count="17"/>
        <line num="207" type="stmt" count="17"/>
        <line num="240" type="method" name="arrayMergeRecursiveDistinct" visibility="protected" complexity="7" crap="7.05" count="4"/>
        <line num="242" type="stmt" count="4"/>
        <line num="243" type="stmt" count="4"/>
        <line num="244" type="stmt" count="4"/>
        <line num="245" type="stmt" count="3"/>
        <line num="246" type="stmt" count="0"/>
        <line num="248" type="stmt" count="3"/>
        <line num="251" type="stmt" count="4"/>
        <line num="252" type="stmt" count="2"/>
        <line num="254" type="stmt" count="4"/>
        <line num="258" type="stmt" count="4"/>
        <line num="267" type="method" name="offsetExists" visibility="public" complexity="1" crap="1" count="1"/>
        <line num="269" type="stmt" count="1"/>
        <line num="278" type="method" name="offsetGet" visibility="public" complexity="1" crap="1" count="3"/>
        <line num="280" type="stmt" count="3"/>
        <line num="290" type="method" name="offsetSet" visibility="public" complexity="2" crap="2.26" count="1"/>
        <line num="292" type="stmt" count="1"/>
        <line num="293" type="stmt" count="0"/>
        <line num="294" type="stmt" count="0"/>
        <line num="296" type="stmt" count="1"/>
        <line num="297" type="stmt" count="1"/>
        <line num="305" type="method" name="offsetUnset" visibility="public" complexity="1" crap="1" count="1"/>
        <line num="307" type="stmt" count="1"/>
        <line num="308" type="stmt" count="1"/>
        <line num="317" type="method" name="anonymous function" complexity="4" crap="4" count="2"/>
        <line num="318" type="stmt" count="2"/>
        <line num="320" type="stmt" count="2"/>
        <line num="323" type="stmt" count="2"/>
        <line num="325" type="stmt" count="2"/>
        <line num="333" type="method" name="getIterator" visibility="public" complexity="1" crap="1" count="1"/>
        <line num="335" type="stmt" count="1"/>
        <line num="344" type="method" name="getCachingIterator" visibility="public" complexity="1" crap="2" count="0"/>
        <line num="346" type="stmt" count="0"/>
        <line num="354" type="method" name="count" visibility="public" complexity="1" crap="1" count="1"/>
        <line num="356" type="stmt" count="1"/>
        <line num="364" type="method" name="__toString" visibility="public" complexity="1" crap="1" count="1"/>
        <line num="366" type="stmt" count="1"/>
        <metrics loc="367" ncloc="212" classes="1" methods="20" coveredmethods="14" conditionals="0" coveredconditionals="0" statements="84" coveredstatements="74" elements="104" coveredelements="88"/>
      </file>
    </package>
    <file name="/Users/leemason/ecfectus/dotable/src/DotableInterface.php">
      <metrics loc="28" ncloc="22" classes="0" methods="0" coveredmethods="0" conditionals="0" coveredconditionals="0" statements="0" coveredstatements="0" elements="0" coveredelements="0"/>
    </file>
    <metrics files="3" loc="411" ncloc="246" classes="2" methods="20" coveredmethods="14" conditionals="0" coveredconditionals="0" statements="84" coveredstatements="74" elements="104" coveredelements="88"/>
  </project>
</coverage>
