<?xml version="1.0" encoding="UTF-8"?>
<coverage generated="1475880734">
  <project timestamp="1475880734">
    <package name="Ecfectus\Dotable">
      <file name="/Users/leemason/ecfectus/dotable/src/Dotable.php">
        <class name="Dotable" namespace="Ecfectus\Dotable" fullPackage="Ecfectus" package="Ecfectus">
          <metrics complexity="0" methods="0" coveredmethods="0" conditionals="0" coveredconditionals="0" statements="0" coveredstatements="0" elements="0" coveredelements="0"/>
        </class>
        <metrics loc="16" ncloc="12" classes="1" methods="0" coveredmethods="0" conditionals="0" coveredconditionals="0" statements="0" coveredstatements="0" elements="0" coveredelements="0"/>
      </file>
      <file name="/Users/leemason/ecfectus/dotable/src/DotableTrait.php">
        <class name="DotableTrait" namespace="Ecfectus\Dotable">
          <metrics complexity="67" methods="20" coveredmethods="16" conditionals="0" coveredconditionals="0" statements="84" coveredstatements="79" elements="104" coveredelements="95"/>
        </class>
        <line num="31" type="method" name="__construct" visibility="public" complexity="1" crap="1" count="25"/>
        <line num="33" type="stmt" count="25"/>
        <line num="34" type="stmt" count="25"/>
        <line num="43" type="method" name="get" visibility="public" complexity="10" crap="10" count="11"/>
        <line num="45" type="stmt" count="11"/>
        <line num="46" type="stmt" count="11"/>
        <line num="47" type="stmt" count="5"/>
        <line num="49" type="stmt" count="7"/>
        <line num="50" type="stmt" count="3"/>
        <line num="51" type="stmt" count="3"/>
        <line num="52" type="stmt" count="3"/>
        <line num="53" type="stmt" count="3"/>
        <line num="55" type="stmt" count="3"/>
        <line num="59" type="stmt" count="7"/>
        <line num="69" type="method" name="set" visibility="public" complexity="15" crap="15" count="17"/>
        <line num="71" type="stmt" count="17"/>
        <line num="72" type="stmt" count="6"/>
        <line num="73" type="stmt" count="0"/>
        <line num="75" type="stmt" count="6"/>
        <line num="77" type="stmt" count="6"/>
        <line num="80" type="stmt" count="11"/>
        <line num="81" type="stmt" count="7"/>
        <line num="82" type="stmt" count="7"/>
        <line num="83" type="stmt" count="7"/>
        <line num="84" type="stmt" count="7"/>
        <line num="85" type="stmt" count="7"/>
        <line num="86" type="stmt" count="7"/>
        <line num="87" type="stmt" count="2"/>
        <line num="89" type="stmt" count="7"/>
        <line num="92" type="stmt" count="7"/>
        <line num="95" type="stmt" count="7"/>
        <line num="96" type="stmt" count="7"/>
        <line num="97" type="stmt" count="1"/>
        <line num="99" type="stmt" count="7"/>
        <line num="103" type="stmt" count="5"/>
        <line num="105" type="stmt" count="11"/>
        <line num="114" type="method" name="has" visibility="public" complexity="8" crap="8" count="2"/>
        <line num="116" type="stmt" count="2"/>
        <line num="117" type="stmt" count="2"/>
        <line num="119" type="stmt" count="2"/>
        <line num="120" type="stmt" count="2"/>
        <line num="121" type="stmt" count="2"/>
        <line num="122" type="stmt" count="2"/>
        <line num="123" type="stmt" count="2"/>
        <line num="125" type="stmt" count="2"/>
        <line num="128" type="stmt" count="2"/>
        <line num="137" type="method" name="forget" visibility="public" complexity="1" crap="1" count="2"/>
        <line num="139" type="stmt" count="2"/>
        <line num="149" type="method" name="prepend" visibility="public" complexity="1" crap="1" count="1"/>
        <line num="151" type="stmt" count="1"/>
        <line num="152" type="stmt" count="1"/>
        <line num="153" type="stmt" count="1"/>
        <line num="154" type="stmt" count="1"/>
        <line num="163" type="method" name="append" visibility="public" complexity="1" crap="1" count="1"/>
        <line num="165" type="stmt" count="1"/>
        <line num="166" type="stmt" count="1"/>
        <line num="167" type="stmt" count="1"/>
        <line num="168" type="stmt" count="1"/>
        <line num="179" type="method" name="merge" visibility="public" complexity="2" crap="2" count="4"/>
        <line num="181" type="stmt" count="4"/>
        <line num="182" type="stmt" count="4"/>
        <line num="183" type="stmt" count="4"/>
        <line num="191" type="method" name="toArray" visibility="public" complexity="3" crap="3" count="9"/>
        <line num="194" type="stmt" count="9"/>
        <line num="195" type="stmt" count="9"/>
        <line num="204" type="method" name="explode" visibility="protected" complexity="1" crap="1" count="10"/>
        <line num="206" type="stmt" count="10"/>
        <line num="239" type="method" name="arrayMergeRecursiveDistinct" visibility="protected" complexity="7" crap="7.05" count="4"/>
        <line num="241" type="stmt" count="4"/>
        <line num="242" type="stmt" count="4"/>
        <line num="243" type="stmt" count="4"/>
        <line num="244" type="stmt" count="3"/>
        <line num="245" type="stmt" count="0"/>
        <line num="247" type="stmt" count="3"/>
        <line num="250" type="stmt" count="4"/>
        <line num="251" type="stmt" count="2"/>
        <line num="253" type="stmt" count="4"/>
        <line num="257" type="stmt" count="4"/>
        <line num="266" type="method" name="offsetExists" visibility="public" complexity="1" crap="1" count="1"/>
        <line num="268" type="stmt" count="1"/>
        <line num="277" type="method" name="offsetGet" visibility="public" complexity="1" crap="1" count="3"/>
        <line num="279" type="stmt" count="3"/>
        <line num="289" type="method" name="offsetSet" visibility="public" complexity="2" crap="2.26" count="1"/>
        <line num="291" type="stmt" count="1"/>
        <line num="292" type="stmt" count="0"/>
        <line num="293" type="stmt" count="0"/>
        <line num="295" type="stmt" count="1"/>
        <line num="296" type="stmt" count="1"/>
        <line num="304" type="method" name="offsetUnset" visibility="public" complexity="1" crap="1" count="1"/>
        <line num="306" type="stmt" count="1"/>
        <line num="307" type="stmt" count="1"/>
        <line num="316" type="method" name="anonymous function" complexity="4" crap="4" count="2"/>
        <line num="317" type="stmt" count="2"/>
        <line num="319" type="stmt" count="2"/>
        <line num="322" type="stmt" count="2"/>
        <line num="324" type="stmt" count="2"/>
        <line num="332" type="method" name="getIterator" visibility="public" complexity="1" crap="1" count="1"/>
        <line num="334" type="stmt" count="1"/>
        <line num="343" type="method" name="getCachingIterator" visibility="public" complexity="1" crap="2" count="0"/>
        <line num="345" type="stmt" count="0"/>
        <line num="353" type="method" name="count" visibility="public" complexity="1" crap="1" count="1"/>
        <line num="355" type="stmt" count="1"/>
        <line num="363" type="method" name="__toString" visibility="public" complexity="1" crap="1" count="1"/>
        <line num="365" type="stmt" count="1"/>
        <metrics loc="366" ncloc="211" classes="1" methods="20" coveredmethods="16" conditionals="0" coveredconditionals="0" statements="84" coveredstatements="79" elements="104" coveredelements="95"/>
      </file>
    </package>
    <file name="/Users/leemason/ecfectus/dotable/src/DotableInterface.php">
      <metrics loc="28" ncloc="22" classes="0" methods="0" coveredmethods="0" conditionals="0" coveredconditionals="0" statements="0" coveredstatements="0" elements="0" coveredelements="0"/>
    </file>
    <metrics files="3" loc="410" ncloc="245" classes="2" methods="20" coveredmethods="16" conditionals="0" coveredconditionals="0" statements="84" coveredstatements="79" elements="104" coveredelements="95"/>
  </project>
</coverage>
